Date/Time:       2025-07-18 09:12:38 
Command line:    /data/data/com.termux/files/usr/bin/briefcase package android

OS Release:      Linux 5.4.276-android12-9-g94567fb24603
OS Version:      #1 SMP PREEMPT Wed Mar 12 23:23:46 CST 2025
Architecture:    armv7l
Platform:        Linux-5.4.276-android12-9-g94567fb24603-armv7l-with-libc

Python exe:      /data/data/com.termux/files/usr/bin/python3.12
Python version:  3.12.11 (main, Jun  9 2025, 15:36:10) [Clang 18.0.3 (https://android.googlesource.com/toolchain/llvm-project d8003a456
Virtual env:     False
Conda env:       False

Briefcase:       0.3.24
Target platform: android
Target format:   gradle

Environment Variables:
	ANDROID_ART_ROOT=/apex/com.android.art
	ANDROID_DATA=/data
	ANDROID_HOME=/data/data/com.termux/files/home/android-sdk
	ANDROID_I18N_ROOT=/apex/com.android.i18n
	ANDROID_ROOT=/system
	ANDROID_TZDATA_ROOT=/apex/com.android.tzdata
	ANDROID__BUILD_VERSION_SDK=33
	BOOTCLASSPATH=/apex/com.android.art/javalib/core-oj.jar:/apex/com.android.art/javalib/core-libart.jar:/apex/com.android.art/javalib/okhttp.jar:/apex/com.android.art/javalib/bouncycastle.jar:/apex/com.android.art/javalib/apache-xml.jar:/system/framework/framework.jar:/system/framework/framework-graphics.jar:/system/framework/ext.jar:/system/framework/telephony-common.jar:/system/framework/voip-common.jar:/system/framework/ims-common.jar:/system/framework/radio_interactor_common.jar:/system/framework/unisoc_ims_common.jar:/system/framework/networksliceagent_common.jar:/system/framework/miframework.jar:/system/framework/subsys-framework.jar:/system/framework/vendor-telephony-framework.jar:/system_ext/framework/unisoc-framework.jar:/system_ext/framework/unipnp-framework.jar:/apex/com.android.i18n/javalib/core-icu4j.jar:/apex/com.android.adservices/javalib/framework-adservices.jar:/apex/com.android.adservices/javalib/framework-sdksandbox.jar:/apex/com.android.appsearch/javalib/framework-appsearch.jar:/apex/com.android.btservices/javalib/framework-bluetooth.jar:/apex/com.android.conscrypt/javalib/conscrypt.jar:/apex/com.android.ipsec/javalib/android.net.ipsec.ike.jar:/apex/com.android.media/javalib/updatable-media.jar:/apex/com.android.mediaprovider/javalib/framework-mediaprovider.jar:/apex/com.android.ondevicepersonalization/javalib/framework-ondevicepersonalization.jar:/apex/com.android.os.statsd/javalib/framework-statsd.jar:/apex/com.android.permission/javalib/framework-permission.jar:/apex/com.android.permission/javalib/framework-permission-s.jar:/apex/com.android.scheduling/javalib/framework-scheduling.jar:/apex/com.android.sdkext/javalib/framework-sdkextensions.jar:/apex/com.android.tethering/javalib/framework-connectivity.jar:/apex/com.android.tethering/javalib/framework-connectivity-t.jar:/apex/com.android.tethering/javalib/framework-tethering.jar:/apex/com.android.uwb/javalib/framework-uwb.jar:/apex/com.android.wifi/javalib/framework-wifi.jar
	COLORTERM=truecolor
	DEX2OATBOOTCLASSPATH=/apex/com.android.art/javalib/core-oj.jar:/apex/com.android.art/javalib/core-libart.jar:/apex/com.android.art/javalib/okhttp.jar:/apex/com.android.art/javalib/bouncycastle.jar:/apex/com.android.art/javalib/apache-xml.jar:/system/framework/framework.jar:/system/framework/framework-graphics.jar:/system/framework/ext.jar:/system/framework/telephony-common.jar:/system/framework/voip-common.jar:/system/framework/ims-common.jar:/system/framework/radio_interactor_common.jar:/system/framework/unisoc_ims_common.jar:/system/framework/networksliceagent_common.jar:/system/framework/miframework.jar:/system/framework/subsys-framework.jar:/system/framework/vendor-telephony-framework.jar:/system_ext/framework/unisoc-framework.jar:/system_ext/framework/unipnp-framework.jar:/apex/com.android.i18n/javalib/core-icu4j.jar
	EXTERNAL_STORAGE=/storage/self/primary
	GROQ_API_KEY=********************
	HISTCONTROL=ignoreboth
	HOME=/data/data/com.termux/files/home
	JAVA_HOME=
	LANG=en_US.UTF-8
	LD_PRELOAD=/data/data/com.termux/files/usr/lib/libtermux-exec-ld-preload.so
	OLDPWD=/data/data/com.termux/files/home/EthiliaChatbot
	PATH=/data/data/com.termux/files/home/android-sdk/platform-tools:/data/data/com.termux/files/home/android-sdk/cmdline-tools/latest/bin:/bin:/data/data/com.termux/files/usr/opt/rust/bin:/data/data/com.termux/files/home/android-sdk/platform-tools:/data/data/com.termux/files/home/android-sdk/cmdline-tools/latest/bin:/bin:/data/data/com.termux/files/usr/bin
	PREFIX=/data/data/com.termux/files/usr
	PWD=/data/data/com.termux/files/home/EthiliaChatbot
	SHELL=/data/data/com.termux/files/usr/bin/bash
	SHLVL=1
	TERM=xterm-256color
	TERMUX_APK_RELEASE=F_DROID
	TERMUX_APP_PID=31463
	TERMUX_APP__DATA_DIR=/data/user/0/com.termux
	TERMUX_APP__LEGACY_DATA_DIR=/data/data/com.termux
	TERMUX_APP__SE_FILE_CONTEXT=u:object_r:app_data_file:s0:c194,c256,c512,c768
	TERMUX_APP__SE_INFO=default:targetSdkVersion=28:complete
	TERMUX_IS_DEBUGGABLE_BUILD=0
	TERMUX_MAIN_PACKAGE_FORMAT=debian
	TERMUX_VERSION=0.118.3
	TERMUX__HOME=/data/data/com.termux/files/home
	TERMUX__PREFIX=/data/data/com.termux/files/usr
	TERMUX__ROOTFS_DIR=/data/data/com.termux/files
	TERMUX__SE_PROCESS_CONTEXT=u:r:untrusted_app_27:s0:c194,c256,c512,c768
	TMPDIR=/data/data/com.termux/files/usr/tmp
	_=/data/data/com.termux/files/usr/bin/briefcase

pyproject.toml:
# This project was generated with 0.3.24 using template: https://github.com/beeware/briefcase-template @ v0.3.24
[tool.briefcase]
project_name = "Ethilia"
bundle = "com.ethilia"
version = "0.0.1"
description = "A simple AI chat app powered by Ethilia."
author = "CJ"
author_email = "getfukd4269@gmail.com"
url = "https://github.com/CJ420184736/Ethilia"
license = "MIT"

[tool.briefcase.app.ethilia]
formal_name = "Ethilia"
description = "The Ethilia chatbot"
sources = ['ethilia']
icon = "icons"
version = "1.0.0"
bundle = "com.ethilia"
package = "ethilia"
app_name = "ethilia"

[tool.briefcase.app.ethilia.macOS]
requires = ["toga-cocoa"]

[tool.briefcase.app.ethilia.linux]
requires = ["toga-gtk"]

[tool.briefcase.app.ethilia.windows]
requires = ["toga-winforms"]

[tool.briefcase.app.ethilia.android]
requires = ["toga-android"]

[build-system]
requires = ["briefcase"]
build-backend = "briefcase.build"

Briefcase Log:
[09:12:34]                                                                                                                                                             config.py:666
           *************************************************************************                                                                                   config.py:666
           ** WARNING: License Definition for the Project is Deprecated           **                                                                                   config.py:666
           *************************************************************************                                                                                   config.py:666
                                                                                                                                                                       config.py:666
               Briefcase now uses PEP 621 format for license definitions.                                                                                              config.py:666
                                                                                                                                                                       config.py:666
               Previously, the name of the license was assigned to the 'license'                                                                                       config.py:666
               field in pyproject.toml. For PEP 621, the name of the license is                                                                                        config.py:666
               assigned to 'license.text' or the name of the file containing the                                                                                       config.py:666
               license is assigned to 'license.file'.                                                                                                                  config.py:666
[09:12:35]                                                                                                                                                             config.py:666
               The current configuration for the Project has a 'license' field                                                                                         config.py:666
               that is specified as a string:                                                                                                                          config.py:666
                                                                                                                                                                       config.py:666
                   license = "MIT"                                                                                                                                     config.py:666
                                                                                                                                                                       config.py:666
               To use the PEP 621 format (and to remove this warning), specify that                                                                                    config.py:666
               the LICENSE file contains the license for the Project:                                                                                                  config.py:666
                                                                                                                                                                       config.py:666
                   license.file = "LICENSE"                                                                                                                            config.py:666
                                                                                                                                                                       config.py:666
           *************************************************************************                                                                                   config.py:666
           Using JDK at /data/data/com.termux/files/home/.cache/briefcase/tools/java17                                                                                   java.py:259
                                                                                                                                                                  android_sdk.py:270
           [Android SDK] Evaluating ANDROID_HOME...                                                                                                               android_sdk.py:270
           ANDROID_HOME=/data/data/com.termux/files/home/android-sdk                                                                                              android_sdk.py:271
                                                                                                                                                                  android_sdk.py:490
           [Android SDK] Installing Android Command-Line Tools 19.0...                                                                                            android_sdk.py:490
           Using Android SDK at /data/data/com.termux/files/home/android-sdk                                                                                      android_sdk.py:494
                                                                                                                                                                   subprocess.py:838
           >>> Running Command:                                                                                                                                    subprocess.py:838
           >>>     /data/data/com.termux/files/home/android-sdk/cmdline-tools/latest/bin/sdkmanager 'cmdline-tools;19.0'                                           subprocess.py:838
           >>> Working Directory:                                                                                                                                  subprocess.py:838
           >>>     /data/data/com.termux/files/home/EthiliaChatbot                                                                                                 subprocess.py:838
           >>> Return code: 1                                                                                                                                      subprocess.py:838
                                                                                                                                                                   subprocess.py:838
           Command '['/data/data/com.termux/files/home/android-sdk/cmdline-tools/latest/bin/sdkmanager', 'cmdline-tools;19.0']' returned non-zero exit status 1.  android_sdk.py:512
           Failed to install cmdline-tools;19.0                                                                                                                   android_sdk.py:513
                                                                                                                                                                  android_sdk.py:299
           *************************************************************************                                                                              android_sdk.py:299
           ** WARNING: Incompatible Command-Line Tools Version                    **                                                                              android_sdk.py:299
           *************************************************************************                                                                              android_sdk.py:299
                                                                                                                                                                  android_sdk.py:299
               The Android SDK specified by ANDROID_HOME at:                                                                                                      android_sdk.py:299
                                                                                                                                                                  android_sdk.py:299
               /data/data/com.termux/files/home/android-sdk                                                                                                       android_sdk.py:299
                                                                                                                                                                  android_sdk.py:299
               does not contain Command-Line Tools version 19.0. Briefcase requires                                                                               android_sdk.py:299
               this version to be installed to use an external Android SDK.                                                                                       android_sdk.py:299
                                                                                                                                                                  android_sdk.py:299
               Use Android Studio's SDK Manager to install Command-Line Tools 19.0.                                                                               android_sdk.py:299
                                                                                                                                                                  android_sdk.py:299
               Briefcase will proceed using its own SDK instance.                                                                                                 android_sdk.py:299
                                                                                                                                                                  android_sdk.py:299
           *************************************************************************                                                                              android_sdk.py:299
                                                                                                                                                                  android_sdk.py:361
           [android_sdk] The Android SDK was not found; downloading and installing...                                                                             android_sdk.py:361
           To use an existing Android SDK instance, specify its root directory path in the ANDROID_HOME environment variable.                                     android_sdk.py:365
                                                                                                                                                                  android_sdk.py:369
                                                                                                                                                                      __main__.py:42
           Briefcase cannot install Android SDK on this machine.                                                                                                      __main__.py:43
                                                                                                                                                                      __main__.py:43
           Install Android SDK manually and specify the installation directory in the ANDROID_HOME environment variable.                                              __main__.py:43
                                                                                                                                                                      __main__.py:43
           Saving log... started                                                                                                                                      console.py:433

Main thread traceback:
╭─────────────────────────────────────────────────────────────────────── Traceback (most recent call last) ────────────────────────────────────────────────────────────────────────╮
│ /data/data/com.termux/files/usr/lib/python3.12/site-packages/briefcase/integrations/android_sdk.py:86 in cmdline_tools_url                                                       │
│                                                                                                                                                                                  │
│     83 │   │   that are unsupported by sdkmanager, users can set up their own SDK install.      ╭────────────────────────────────── locals ───────────────────────────────────╮  │
│     84 │   │   """                                                                              │ self = <briefcase.integrations.android_sdk.AndroidSDK object at 0xad819660> │  │
│     85 │   │   try:                                                                             ╰─────────────────────────────────────────────────────────────────────────────╯  │
│ ❱   86 │   │   │   platform_name = {                                                                                                                                             │
│     87 │   │   │   │   "Darwin": {                                                                                                                                               │
│     88 │   │   │   │   │   "arm64": "mac",                                                                                                                                       │
│     89 │   │   │   │   │   "x86_64": "mac",                                                                                                                                      │
╰──────────────────────────────────────────────────────────────────────────────────────────────────────────────────────────────────────────────────────────────────────────────────╯
KeyError: 'armv7l'

The above exception was the direct cause of the following exception:

╭─────────────────────────────────────────────────────────────────────── Traceback (most recent call last) ────────────────────────────────────────────────────────────────────────╮
│ /data/data/com.termux/files/usr/lib/python3.12/site-packages/briefcase/__main__.py:27 in main                                                                                    │
│                                                                                                                                                                                  │
│   24 │   │   │   Path.cwd() / "pyproject.toml",                                                                                                                                  │
│   25 │   │   │   overrides=overrides,                                                                                                                                            │
│   26 │   │   )                                                                                                                                                                   │
│ ❱ 27 │   │   command(**options)                                                                                                                                                  │
│   28 │   except HelpText as e:                                                                                                                                                   │
│   29 │   │   console.info()                                                                                                                                                      │
│   30 │   │   console.info(str(e))                                                                                                                                                │
│                                                                                                                                                                                  │
│ ╭────────────────────────────────────────────── locals ───────────────────────────────────────────────╮                                                                          │
│ │       command = <briefcase.platforms.android.gradle.GradlePackageCommand object at 0xad946db0>      │                                                                          │
│ │       console = <briefcase.console.Console object at 0xaec17d98>                                    │                                                                          │
│ │             e = IncompatibleToolError()                                                             │                                                                          │
│ │ extra_cmdline = []                                                                                  │                                                                          │
│ │       options = {'update': False, 'packaging_format': 'aab', 'adhoc_sign': False, 'identity': None} │                                                                          │
│ │     overrides = {}                                                                                  │                                                                          │
│ │        result = 200                                                                                 │                                                                          │
│ ╰─────────────────────────────────────────────────────────────────────────────────────────────────────╯                                                                          │
│                                                                                                                                                                                  │
│ /data/data/com.termux/files/usr/lib/python3.12/site-packages/briefcase/commands/package.py:188 in __call__                                                                       │
│                                                                                                                                                                                  │
│   185 │   ) -> dict | None:                                                                                                                                                      │
│   186 │   │   # Confirm host compatibility, that all required tools are available,                                                                                               │
│   187 │   │   # and that the app configuration is finalized.                                                                                                                     │
│ ❱ 188 │   │   self.finalize(app)                                                                                                                                                 │
│   189 │   │                                                                                                                                                                      │
│   190 │   │   if app_name:                                                                                                                                                       │
│   191 │   │   │   try:                                                                                                                                                           │
│                                                                                                                                                                                  │
│ ╭───────────────────────────────────────── locals ──────────────────────────────────────────╮                                                                                    │
│ │      app = None                                                                           │                                                                                    │
│ │ app_name = None                                                                           │                                                                                    │
│ │  options = {'packaging_format': 'aab', 'adhoc_sign': False, 'identity': None}             │                                                                                    │
│ │     self = <briefcase.platforms.android.gradle.GradlePackageCommand object at 0xad946db0> │                                                                                    │
│ │   update = False                                                                          │                                                                                    │
│ ╰───────────────────────────────────────────────────────────────────────────────────────────╯                                                                                    │
│                                                                                                                                                                                  │
│ /data/data/com.termux/files/usr/lib/python3.12/site-packages/briefcase/commands/base.py:699 in finalize                                                                          │
│                                                                                                                                                                                  │
│    696 │   │   │   to finalize. By default, all apps will be finalized.                                                                                                          │
│    697 │   │   """                                                                                                                                                               │
│    698 │   │   self.verify_host()                                                                                                                                                │
│ ❱  699 │   │   self.verify_tools()                                                                                                                                               │
│    700 │   │                                                                                                                                                                     │
│    701 │   │   apps = self.apps.values() if app is None else [app]                                                                                                               │
│    702 │   │   for app in apps:                                                                                                                                                  │
│                                                                                                                                                                                  │
│ ╭────────────────────────────────────────── locals ──────────────────────────────────────────╮                                                                                   │
│ │       app = None                                                                           │                                                                                   │
│ │      self = <briefcase.platforms.android.gradle.GradlePackageCommand object at 0xad946db0> │                                                                                   │
│ │ test_mode = False                                                                          │                                                                                   │
│ ╰────────────────────────────────────────────────────────────────────────────────────────────╯                                                                                   │
│                                                                                                                                                                                  │
│ /data/data/com.termux/files/usr/lib/python3.12/site-packages/briefcase/platforms/android/gradle.py:146 in verify_tools                                                           │
│                                                                                                                                                                                  │
│   143 │   │   """Verify that the Android APK tools in `briefcase` will operate on this system,                                                                                   │
│   144 │   │   downloading tools as needed."""                                                                                                                                    │
│   145 │   │   super().verify_tools()                                                                                                                                             │
│ ❱ 146 │   │   AndroidSDK.verify(tools=self.tools)                                                                                                                                │
│   147 │   │   if not self.is_clone:                                                                                                                                              │
│   148 │   │   │   self.console.add_log_file_extra(self.tools.android_sdk.list_packages)                                                                                          │
│   149                                                                                                                                                                            │
│                                                                                                                                                                                  │
│ ╭─────────────────────────────────────── locals ────────────────────────────────────────╮                                                                                        │
│ │ self = <briefcase.platforms.android.gradle.GradlePackageCommand object at 0xad946db0> │                                                                                        │
│ ╰───────────────────────────────────────────────────────────────────────────────────────╯                                                                                        │
│                                                                                                                                                                                  │
│ /data/data/com.termux/files/usr/lib/python3.12/site-packages/briefcase/integrations/base.py:114 in verify                                                                        │
│                                                                                                                                                                                  │
│   111 │   │   **kwargs,                                                                        ╭──────────────────────────────── locals ────────────────────────────────╮        │
│   112 │   ) -> ManagedToolT:                                                                   │     app = None                                                         │        │
│   113 │   │   """Confirm the managed tool is installed and available."""                       │ install = True                                                         │        │
│ ❱ 114 │   │   return super().verify(tools=tools, app=app, install=install, **kwargs)           │  kwargs = {}                                                           │        │
│   115 │                                                                                        │   tools = <briefcase.integrations.base.ToolCache object at 0xaec2e558> │        │
│   116 │   @abstractmethod                                                                      ╰────────────────────────────────────────────────────────────────────────╯        │
│   117 │   def exists(self) -> bool:                                                                                                                                              │
│                                                                                                                                                                                  │
│ /data/data/com.termux/files/usr/lib/python3.12/site-packages/briefcase/integrations/base.py:78 in verify                                                                         │
│                                                                                                                                                                                  │
│    75 │   ) -> ToolT:                                                                          ╭─────────────────────────────── locals ────────────────────────────────╮         │
│    76 │   │   """Confirm the tool is available and usable on the host platform."""             │    app = None                                                         │         │
│    77 │   │   cls.verify_host(tools=tools)                                                     │ kwargs = {'install': True}                                            │         │
│ ❱  78 │   │   tool = cls.verify_install(tools=tools, app=app, **kwargs)                        │  tools = <briefcase.integrations.base.ToolCache object at 0xaec2e558> │         │
│    79 │   │   return tool                                                                      ╰───────────────────────────────────────────────────────────────────────╯         │
│    80 │                                                                                                                                                                          │
│    81 │   @classmethod                                                                                                                                                           │
│                                                                                                                                                                                  │
│ /data/data/com.termux/files/usr/lib/python3.12/site-packages/briefcase/integrations/android_sdk.py:370 in verify_install                                                         │
│                                                                                                                                                                                  │
│    367 │   │   │   │   │   │   "directory path in the ANDROID_HOME environment variable."                                                                                        │
│    368 │   │   │   │   │   )                                                                                                                                                     │
│    369 │   │   │   │   │   tools.console.info()                                                                                                                                  │
│ ❱  370 │   │   │   │   sdk.install()                                                                                                                                             │
│    371 │   │                                                                                                                                                                     │
│    372 │   │   # Licences must be accepted to use the SDK                                                                                                                        │
│    373 │   │   sdk.verify_license()                                                                                                                                              │
│                                                                                                                                                                                  │
│ ╭───────────────────────────────────────────── locals ──────────────────────────────────────────────╮                                                                            │
│ │        install = True                                                                             │                                                                            │
│ │         kwargs = {'app': None}                                                                    │                                                                            │
│ │            sdk = <briefcase.integrations.android_sdk.AndroidSDK object at 0xad819660>             │                                                                            │
│ │   sdk_root_env = '/data/data/com.termux/files/home/android-sdk'                                   │                                                                            │
│ │  sdk_root_path = PosixPath('/data/data/com.termux/files/home/.cache/briefcase/tools/android_sdk') │                                                                            │
│ │ sdk_source_env = 'ANDROID_HOME'                                                                   │                                                                            │
│ │          tools = <briefcase.integrations.base.ToolCache object at 0xaec2e558>                     │                                                                            │
│ ╰───────────────────────────────────────────────────────────────────────────────────────────────────╯                                                                            │
│                                                                                                                                                                                  │
│ /data/data/com.termux/files/usr/lib/python3.12/site-packages/briefcase/integrations/android_sdk.py:403 in install                                                                │
│                                                                                                                                                                                  │
│    400 │   def install(self):                                                                   ╭────────────────────────────────── locals ───────────────────────────────────╮  │
│    401 │   │   """Download and install the Android SDK."""                                      │ self = <briefcase.integrations.android_sdk.AndroidSDK object at 0xad819660> │  │
│    402 │   │   cmdline_tools_zip_path = self.tools.file.download(                               ╰─────────────────────────────────────────────────────────────────────────────╯  │
│ ❱  403 │   │   │   url=self.cmdline_tools_url,                                                                                                                                   │
│    404 │   │   │   download_path=self.tools.base_path,                                                                                                                           │
│    405 │   │   │   role="Android SDK Command-Line Tools",                                                                                                                        │
│    406 │   │   )                                                                                                                                                                 │
│                                                                                                                                                                                  │
│ /data/data/com.termux/files/usr/lib/python3.12/site-packages/briefcase/integrations/android_sdk.py:99 in cmdline_tools_url                                                       │
│                                                                                                                                                                                  │
│     96 │   │   │   │   },                                                                       ╭────────────────────────────────── locals ───────────────────────────────────╮  │
│     97 │   │   │   }[self.tools.host_os][self.tools.host_arch]                                  │ self = <briefcase.integrations.android_sdk.AndroidSDK object at 0xad819660> │  │
│     98 │   │   except KeyError as e:                                                            ╰─────────────────────────────────────────────────────────────────────────────╯  │
│ ❱   99 │   │   │   raise IncompatibleToolError(                                                                                                                                  │
│    100 │   │   │   │   tool=self.full_name, env_var="ANDROID_HOME"                                                                                                               │
│    101 │   │   │   ) from e                                                                                                                                                      │
│    102                                                                                                                                                                           │
╰──────────────────────────────────────────────────────────────────────────────────────────────────────────────────────────────────────────────────────────────────────────────────╯
IncompatibleToolError: Briefcase cannot install Android SDK on this machine.

Install Android SDK manually and specify the installation directory in the ANDROID_HOME environment variable.
            
